Determining if the pthread_create exist failed with the following output:
Change Dir: /home/yang/Developer/Git/CPMflow/cpm_refine/build/CMakeFiles/CMakeTmp

Run Build Command:"/usr/bin/make" "cmTC_aa32c/fast"
/usr/bin/make -f CMakeFiles/cmTC_aa32c.dir/build.make CMakeFiles/cmTC_aa32c.dir/build
make[1]: Entering directory `/home/yang/Developer/Git/CPMflow/cpm_refine/build/CMakeFiles/CMakeTmp'
Building C object CMakeFiles/cmTC_aa32c.dir/CheckSymbolExists.c.o
/usr/bin/cc    -o CMakeFiles/cmTC_aa32c.dir/CheckSymbolExists.c.o   -c /home/yang/Developer/Git/CPMflow/cpm_refine/build/CMakeFiles/CMakeTmp/CheckSymbolExists.c
Linking C executable cmTC_aa32c
/usr/local/bin/cmake -E cmake_link_script CMakeFiles/cmTC_aa32c.dir/link.txt --verbose=1
/usr/bin/cc      -rdynamic CMakeFiles/cmTC_aa32c.dir/CheckSymbolExists.c.o  -o cmTC_aa32c 
CMakeFiles/cmTC_aa32c.dir/CheckSymbolExists.c.o: In function `main':
CheckSymbolExists.c:(.text+0x16): undefined reference to `pthread_create'
collect2: error: ld returned 1 exit status
make[1]: *** [cmTC_aa32c] Error 1
make[1]: Leaving directory `/home/yang/Developer/Git/CPMflow/cpm_refine/build/CMakeFiles/CMakeTmp'
make: *** [cmTC_aa32c/fast] Error 2

File /home/yang/Developer/Git/CPMflow/cpm_refine/build/CMakeFiles/CMakeTmp/CheckSymbolExists.c:
/* */
#include <pthread.h>

int main(int argc, char** argv)
{
  (void)argv;
#ifndef pthread_create
  return ((int*)(&pthread_create))[argc];
#else
  (void)argc;
  return 0;
#endif
}

Determining if the function pthread_create exists in the pthreads failed with the following output:
Change Dir: /home/yang/Developer/Git/CPMflow/cpm_refine/build/CMakeFiles/CMakeTmp

Run Build Command:"/usr/bin/make" "cmTC_8cc3f/fast"
/usr/bin/make -f CMakeFiles/cmTC_8cc3f.dir/build.make CMakeFiles/cmTC_8cc3f.dir/build
make[1]: Entering directory `/home/yang/Developer/Git/CPMflow/cpm_refine/build/CMakeFiles/CMakeTmp'
Building C object CMakeFiles/cmTC_8cc3f.dir/CheckFunctionExists.c.o
/usr/bin/cc   -DCHECK_FUNCTION_EXISTS=pthread_create   -o CMakeFiles/cmTC_8cc3f.dir/CheckFunctionExists.c.o   -c /usr/local/share/cmake-3.8/Modules/CheckFunctionExists.c
Linking C executable cmTC_8cc3f
/usr/local/bin/cmake -E cmake_link_script CMakeFiles/cmTC_8cc3f.dir/link.txt --verbose=1
/usr/bin/cc  -DCHECK_FUNCTION_EXISTS=pthread_create    -rdynamic CMakeFiles/cmTC_8cc3f.dir/CheckFunctionExists.c.o  -o cmTC_8cc3f -lpthreads 
/usr/bin/ld: cannot find -lpthreads
collect2: error: ld returned 1 exit status
make[1]: *** [cmTC_8cc3f] Error 1
make[1]: Leaving directory `/home/yang/Developer/Git/CPMflow/cpm_refine/build/CMakeFiles/CMakeTmp'
make: *** [cmTC_8cc3f/fast] Error 2


